<?xml version="1.0" encoding="UTF-8"?>
<coverage generated="1702395741951" clover="3.2.0">
  <project timestamp="1702395741951" name="All files">
    <metrics statements="11" coveredstatements="5" conditionals="2" coveredconditionals="0" methods="3" coveredmethods="1" elements="16" coveredelements="6" complexity="0" loc="11" ncloc="11" packages="1" files="1" classes="1"/>
    <file name="AddProduct.js" path="C:\Users\newac\Desktop\Js\shoplistproject\reactbeginner\src\components\AddProduct\AddProduct.js">
      <metrics statements="11" coveredstatements="5" conditionals="2" coveredconditionals="0" methods="3" coveredmethods="1"/>
      <line num="4" count="2" type="stmt"/>
      <line num="5" count="1" type="stmt"/>
      <line num="6" count="1" type="stmt"/>
      <line num="8" count="1" type="stmt"/>
      <line num="9" count="0" type="stmt"/>
      <line num="10" count="0" type="cond" truecount="0" falsecount="2"/>
      <line num="12" count="0" type="stmt"/>
      <line num="17" count="0" type="stmt"/>
      <line num="18" count="0" type="stmt"/>
      <line num="21" count="1" type="stmt"/>
      <line num="27" count="0" type="stmt"/>
    </file>
  </project>
</coverage>
