<?xml version="1.0" encoding="UTF-8"?>
<coverage generated="1702374864975" clover="3.2.0">
  <project timestamp="1702374864975" name="All files">
    <metrics statements="13" coveredstatements="7" conditionals="2" coveredconditionals="0" methods="5" coveredmethods="3" elements="20" coveredelements="10" complexity="0" loc="13" ncloc="13" packages="2" files="2" classes="2"/>
    <package name="src">
      <metrics statements="2" coveredstatements="2" conditionals="0" coveredconditionals="0" methods="2" coveredmethods="2"/>
      <file name="App.js" path="C:\Users\newac\Desktop\Js\shoplistproject\reactbeginner\src\App.js">
        <metrics statements="2" coveredstatements="2" conditionals="0" coveredconditionals="0" methods="2" coveredmethods="2"/>
        <line num="7" count="1" type="stmt"/>
        <line num="17" count="1" type="stmt"/>
      </file>
    </package>
    <package name="src.components.AddProduct">
      <metrics statements="11" coveredstatements="5" conditionals="2" coveredconditionals="0" methods="3" coveredmethods="1"/>
      <file name="AddProduct.js" path="C:\Users\newac\Desktop\Js\shoplistproject\reactbeginner\src\components\AddProduct\AddProduct.js">
        <metrics statements="11" coveredstatements="5" conditionals="2" coveredconditionals="0" methods="3" coveredmethods="1"/>
        <line num="4" count="2" type="stmt"/>
        <line num="5" count="1" type="stmt"/>
        <line num="6" count="1" type="stmt"/>
        <line num="8" count="1" type="stmt"/>
        <line num="9" count="0" type="stmt"/>
        <line num="10" count="0" type="cond" truecount="0" falsecount="2"/>
        <line num="12" count="0" type="stmt"/>
        <line num="17" count="0" type="stmt"/>
        <line num="18" count="0" type="stmt"/>
        <line num="21" count="1" type="stmt"/>
        <line num="27" count="0" type="stmt"/>
      </file>
    </package>
  </project>
</coverage>
