{"C:\\Users\\newac\\Desktop\\Js\\shoplistproject\\reactbeginner\\src\\components\\AddProduct\\AddProduct.js": {"path":"C:\\Users\\newac\\Desktop\\Js\\shoplistproject\\reactbeginner\\src\\components\\AddProduct\\AddProduct.js","statementMap":{"0":{"start":{"line":4,"column":19},"end":{"line":32,"column":1}},"1":{"start":{"line":5,"column":25},"end":{"line":5,"column":37}},"2":{"start":{"line":6,"column":38},"end":{"line":6,"column":50}},"3":{"start":{"line":8,"column":27},"end":{"line":19,"column":3}},"4":{"start":{"line":9,"column":4},"end":{"line":9,"column":27}},"5":{"start":{"line":10,"column":4},"end":{"line":10,"column":41}},"6":{"start":{"line":10,"column":34},"end":{"line":10,"column":41}},"7":{"start":{"line":12,"column":27},"end":{"line":15,"column":5}},"8":{"start":{"line":17,"column":4},"end":{"line":17,"column":31}},"9":{"start":{"line":18,"column":4},"end":{"line":18,"column":22}},"10":{"start":{"line":21,"column":2},"end":{"line":31,"column":4}},"11":{"start":{"line":27,"column":29},"end":{"line":27,"column":62}}},"fnMap":{"0":{"name":"(anonymous_0)","decl":{"start":{"line":4,"column":19},"end":{"line":4,"column":20}},"loc":{"start":{"line":4,"column":25},"end":{"line":32,"column":1}},"line":4},"1":{"name":"(anonymous_1)","decl":{"start":{"line":8,"column":27},"end":{"line":8,"column":28}},"loc":{"start":{"line":8,"column":38},"end":{"line":19,"column":3}},"line":8},"2":{"name":"(anonymous_2)","decl":{"start":{"line":27,"column":18},"end":{"line":27,"column":19}},"loc":{"start":{"line":27,"column":29},"end":{"line":27,"column":62}},"line":27}},"branchMap":{"0":{"loc":{"start":{"line":10,"column":4},"end":{"line":10,"column":41}},"type":"if","locations":[{"start":{"line":10,"column":4},"end":{"line":10,"column":41}},{"start":{},"end":{}}],"line":10}},"s":{"0":2,"1":1,"2":1,"3":1,"4":0,"5":0,"6":0,"7":0,"8":0,"9":0,"10":1,"11":0},"f":{"0":1,"1":0,"2":0},"b":{"0":[0,0]},"_coverageSchema":"1a1c01bbd47fc00a2c39e90264f33305004495a9","hash":"2a13517ba56d9c7a698f710360a78936949c576e"}
}
